#-----------------------------------------------------------
# Webtalk v2017.2 (64-bit)
# SW Build 1909853 on Thu Jun 15 18:39:09 MDT 2017
# 
# Start of session at: Sat Sep 22 13:17:46 2018
# Process ID: 2384
# Current directory: D:/Xilinx/Assignment_2/EmbeddedSystem_labs/lab_matrix/lab_matrix.sdk/webtalk
# Command line: wbtcv.exe -mode batch -source sdk_webtalk.tcl
# Log file: D:/Xilinx/Assignment_2/EmbeddedSystem_labs/lab_matrix/lab_matrix.sdk/webtalk/webtalk.log
# Journal file: D:/Xilinx/Assignment_2/EmbeddedSystem_labs/lab_matrix/lab_matrix.sdk/webtalk\webtalk.jou
#-----------------------------------------------------------
source sdk_webtalk.tcl
# webtalk_init -webtalk_dir D:\\Xilinx\\Assignment_2\\EmbeddedSystem_labs\\lab_matrix\\lab_matrix.sdk\\webtalk
# webtalk_register_client -client project
# webtalk_add_data -client project -key date_generated -value "2018-09-22 13:17:44" -context "software_version_and_target_device"
# webtalk_add_data -client project -key product_version -value "SDK v2017.2" -context "software_version_and_target_device"
# webtalk_add_data -client project -key build_version -value "2017.2" -context "software_version_and_target_device"
# webtalk_add_data -client project -key os_platform -value "amd64" -context "software_version_and_target_device"
# webtalk_add_data -client project -key registration_id -value "" -context "software_version_and_target_device"
# webtalk_add_data -client project -key tool_flow -value "SDK" -context "software_version_and_target_device"
# webtalk_add_data -client project -key beta -value "false" -context "software_version_and_target_device"
# webtalk_add_data -client project -key route_design -value "NA" -context "software_version_and_target_device"
# webtalk_add_data -client project -key target_family -value "NA" -context "software_version_and_target_device"
# webtalk_add_data -client project -key target_device -value "NA" -context "software_version_and_target_device"
# webtalk_add_data -client project -key target_package -value "NA" -context "software_version_and_target_device"
# webtalk_add_data -client project -key target_speed -value "NA" -context "software_version_and_target_device"
# webtalk_add_data -client project -key random_id -value "6uncmm324tgtqu704f2b8hs8a6" -context "software_version_and_target_device"
# webtalk_add_data -client project -key project_id -value "2017.2_3" -context "software_version_and_target_device"
# webtalk_add_data -client project -key project_iteration -value "3" -context "software_version_and_target_device"
# webtalk_add_data -client project -key os_name -value "Microsoft Windows 8 or later , 64-bit" -context "user_environment"
# webtalk_add_data -client project -key os_release -value "major release  (build 9200)" -context "user_environment"
# webtalk_add_data -client project -key cpu_name -value "Intel(R) Core(TM) i7-4700MQ CPU @ 2.40GHz" -context "user_environment"
# webtalk_add_data -client project -key cpu_speed -value "2394 MHz" -context "user_environment"
# webtalk_add_data -client project -key total_processors -value "1" -context "user_environment"
# webtalk_add_data -client project -key system_ram -value "8.000 GB" -context "user_environment"
# webtalk_register_client -client sdk
# webtalk_add_data -client sdk -key uid -value "1537613143188" -context "sdk\\\\hardware/1537613143188"
# webtalk_add_data -client sdk -key isZynq -value "true" -context "sdk\\\\hardware/1537613143188"
# webtalk_add_data -client sdk -key isZynqMP -value "false" -context "sdk\\\\hardware/1537613143188"
# webtalk_add_data -client sdk -key Processors -value "2" -context "sdk\\\\hardware/1537613143188"
# webtalk_add_data -client sdk -key VivadoVersion -value "2017.2" -context "sdk\\\\hardware/1537613143188"
# webtalk_add_data -client sdk -key Arch -value "zynq" -context "sdk\\\\hardware/1537613143188"
# webtalk_add_data -client sdk -key Device -value "7z010" -context "sdk\\\\hardware/1537613143188"
# webtalk_add_data -client sdk -key IsHandoff -value "true" -context "sdk\\\\hardware/1537613143188"
# webtalk_add_data -client sdk -key os -value "NA" -context "sdk\\\\hardware/1537613143188"
# webtalk_add_data -client sdk -key apptemplate -value "NA" -context "sdk\\\\hardware/1537613143188"
# webtalk_add_data -client sdk -key RecordType -value "HWCreation" -context "sdk\\\\hardware/1537613143188"
# webtalk_add_data -client sdk -key uid -value "1537613616835" -context "sdk\\\\bsp/1537613616835"
# webtalk_add_data -client sdk -key hwid -value "1537613143188" -context "sdk\\\\bsp/1537613616835"
# webtalk_add_data -client sdk -key os -value "standalone" -context "sdk\\\\bsp/1537613616835"
# webtalk_add_data -client sdk -key apptemplate -value "empty_application" -context "sdk\\\\bsp/1537613616835"
# webtalk_add_data -client sdk -key RecordType -value "BSPCreation" -context "sdk\\\\bsp/1537613616835"
# webtalk_add_data -client sdk -key uid -value "1537613627654" -context "sdk\\\\application/1537613627654"
# webtalk_add_data -client sdk -key hwid -value "1537613143188" -context "sdk\\\\application/1537613627654"
# webtalk_add_data -client sdk -key bspid -value "1537613616835" -context "sdk\\\\application/1537613627654"
# webtalk_add_data -client sdk -key newbsp -value "true" -context "sdk\\\\application/1537613627654"
# webtalk_add_data -client sdk -key os -value "standalone" -context "sdk\\\\application/1537613627654"
# webtalk_add_data -client sdk -key apptemplate -value "empty_application" -context "sdk\\\\application/1537613627654"
# webtalk_add_data -client sdk -key RecordType -value "APPCreation" -context "sdk\\\\application/1537613627654"
# webtalk_add_data -client sdk -key LangUsed -value "C" -context "sdk\\\\application/1537613627654"
# webtalk_add_data -client sdk -key Procused -value "ps7_cortexa9" -context "sdk\\\\application/1537613627654"
# webtalk_add_data -client sdk -key projSize -value "179.4609375" -context "sdk\\\\application/1537613627654"
# webtalk_add_data -client sdk -key uid -value "NA" -context "sdk\\\\bsp/1537615063874"
# webtalk_add_data -client sdk -key RecordType -value "ToolUsage" -context "sdk\\\\bsp/1537615063874"
# webtalk_add_data -client sdk -key BootgenCount -value "0" -context "sdk\\\\bsp/1537615063874"
# webtalk_add_data -client sdk -key DebugCount -value "0" -context "sdk\\\\bsp/1537615063874"
# webtalk_add_data -client sdk -key PerfCount -value "0" -context "sdk\\\\bsp/1537615063874"
# webtalk_add_data -client sdk -key FlashCount -value "0" -context "sdk\\\\bsp/1537615063874"
# webtalk_add_data -client sdk -key CrossTriggCount -value "0" -context "sdk\\\\bsp/1537615063874"
# webtalk_add_data -client sdk -key QemuDebugCount -value "0" -context "sdk\\\\bsp/1537615063874"
# webtalk_transmit -clientid 19261609 -regid "" -xml D:\\Xilinx\\Assignment_2\\EmbeddedSystem_labs\\lab_matrix\\lab_matrix.sdk\\webtalk\\usage_statistics_ext_sdk.xml -html D:\\Xilinx\\Assignment_2\\EmbeddedSystem_labs\\lab_matrix\\lab_matrix.sdk\\webtalk\\usage_statistics_ext_sdk.html -wdm D:\\Xilinx\\Assignment_2\\EmbeddedSystem_labs\\lab_matrix\\lab_matrix.sdk\\webtalk\\sdk_webtalk.wdm -intro "<H3>SDK Usage Report</H3><BR>"
INFO: [Common 17-186] 'D:\Xilinx\Assignment_2\EmbeddedSystem_labs\lab_matrix\lab_matrix.sdk\webtalk\usage_statistics_ext_sdk.xml' has been successfully sent to Xilinx on Sat Sep 22 13:17:49 2018. For additional details about this file, please refer to the WebTalk help file at D:/Xilinx/SDK/2017.2/doc/webtalk_introduction.html.
# webtalk_terminate
INFO: [Common 17-206] Exiting Webtalk at Sat Sep 22 13:17:49 2018...
