Unable to capture context for thread 8256 in process 13780, can not generate back trace
Exception at PC 0x00007FFF922ABB93
Printing stacktrace...

[0]  [0x00007FFF922ABB93]
[1]  [0x00007FFF922ABB93]
[2]  [0x00007FFF922AB4A1]
[3]  [0x00007FFF922AB3EF]
[4]  [0x00007FFF922919FE]
[5]  [0x00007FFF92290ED1]
[6]  [0x00007FFF92290D76]
[7]  [0x00007FFF922379F6]
[8]  [0x00007FFF92227AFB]
[9]  [0x00007FFF9234E90A]
[10]  [0x00007FFF92369F87]
[11]  [0x00007FFF9236A05F]
[12] (BaseThreadInitThunk+0x14) [0x00007FF80BDB3034]
[13] (RtlUserThreadStart+0x21) [0x00007FF80C691461]
Done
Exception at PC 0x00007FFF91FB1A52
Attemped to write at address 0x00007FFFBF20ABA4
Printing stacktrace...

[0]  [0x00007FFF91FB1A52]
[1]  [0x00007FFF91FB1A52]
[2]  [0x00007FFF91FB1AD4]
[3]  [0x00007FFF920F3FF7]
[4]  [0x00007FFF91FD9128]
[5]  [0x00007FFF9228DFB9]
[6]  [0x00007FFF9245EF23]
[7]  [0x00007FFF9236B06B]
[8]  [0x00007FFF923608AF]
[9]  [0x00007FFF92360A32]
[10] (RtlActivateActivationContextUnsafeFast+0x123) [0x00007FF80C654053]
[11] (LdrShutdownProcess+0x125) [0x00007FF80C660A05]
[12] (RtlExitUserProcess+0xd8) [0x00007FF80C6608C8]
[13] (FatalExit+0xa) [0x00007FF80BDBB19A]
[14] (exit+0x75) [0x00007FF80C1B9CE5]
[15] (initterm_e+0x235) [0x00007FF80C1BA345]
[16]  [0x00000000004014CD]
[17]  [0x000000000040151B]
[18] (BaseThreadInitThunk+0x14) [0x00007FF80BDB3034]
[19] (RtlUserThreadStart+0x21) [0x00007FF80C691461]
Done
