Unable to capture context for thread 6216 in process 672, can not generate back trace
Unable to capture context for thread 11272 in process 672, can not generate back trace
Unable to capture context for thread 16056 in process 672, can not generate back trace
Exception at PC 0x00007FFFA011BB93
Printing stacktrace...

[0]  [0x00007FFFA011BB93]
[1]  [0x00007FFFA011BB93]
[2]  [0x00007FFFA011B4A1]
[3]  [0x00007FFFA011B3EF]
[4]  [0x00007FFFA01019FE]
[5]  [0x00007FFFA0100ED1]
[6]  [0x00007FFFA0100D76]
[7]  [0x00007FFFA00A79F6]
[8]  [0x00007FFFA0097AFB]
[9]  [0x00007FFFA01BE90A]
[10]  [0x00007FFFA01D9F87]
[11]  [0x00007FFFA01DA05F]
[12] (BaseThreadInitThunk+0x14) [0x00007FF80BDB3034]
[13] (RtlUserThreadStart+0x21) [0x00007FF80C691461]
Done
Exception at PC 0x00007FFF9FE21A52
Attemped to write at address 0x00007FFFD0B0ABA4
Printing stacktrace...

[0]  [0x00007FFF9FE21A52]
[1]  [0x00007FFF9FE21A52]
[2]  [0x00007FFF9FE21AD4]
[3]  [0x00007FFF9FF63FF7]
[4]  [0x00007FFF9FE49128]
[5]  [0x00007FFFA00FDFB9]
[6]  [0x00007FFFA02CEF23]
[7]  [0x00007FFFA01DB06B]
[8]  [0x00007FFFA01D08AF]
[9]  [0x00007FFFA01D0A32]
[10] (RtlActivateActivationContextUnsafeFast+0x123) [0x00007FF80C654053]
[11] (LdrShutdownProcess+0x125) [0x00007FF80C660A05]
[12] (RtlExitUserProcess+0xd8) [0x00007FF80C6608C8]
[13] (FatalExit+0xa) [0x00007FF80BDBB19A]
[14] (exit+0x75) [0x00007FF80C1B9CE5]
[15] (initterm_e+0x235) [0x00007FF80C1BA345]
[16]  [0x00000000004014CD]
[17]  [0x000000000040151B]
[18] (BaseThreadInitThunk+0x14) [0x00007FF80BDB3034]
[19] (RtlUserThreadStart+0x21) [0x00007FF80C691461]
Done
