#-----------------------------------------------------------
# xsim v2017.2 (64-bit)
# SW Build 1909853 on Thu Jun 15 18:39:09 MDT 2017
# IP Build 1909766 on Thu Jun 15 19:58:00 MDT 2017
# Start of session at: Sat Sep 22 15:41:14 2018
# Process ID: 10380
# Current directory: D:/Xilinx/Assignment_2/HLS_labs/lab1/matrixmul.prj/solution1/sim/vhdl
# Command line: xsim.exe -mode tcl -source {xsim.dir/matrixmul/xsim_script.tcl}
# Log file: D:/Xilinx/Assignment_2/HLS_labs/lab1/matrixmul.prj/solution1/sim/vhdl/xsim.log
# Journal file: D:/Xilinx/Assignment_2/HLS_labs/lab1/matrixmul.prj/solution1/sim/vhdl\xsim.jou
#-----------------------------------------------------------
source xsim.dir/matrixmul/xsim_script.tcl
# xsim {matrixmul} -autoloadwcfg -tclbatch {matrixmul.tcl}
Vivado Simulator 2017.2
Time resolution is 1 ps
source matrixmul.tcl
## run all
Note: simulation done!
Time: 1012 ns  Iteration: 1  Process: /apatb_matrixmul_top/generate_sim_done_proc  File: D:/Xilinx/Assignment_2/HLS_labs/lab1/matrixmul.prj/solution1/sim/vhdl/matrixmul.autotb.vhd
Failure: NORMAL EXIT (note: failure is to force the simulator to stop)
Time: 1012 ns  Iteration: 1  Process: /apatb_matrixmul_top/generate_sim_done_proc  File: D:/Xilinx/Assignment_2/HLS_labs/lab1/matrixmul.prj/solution1/sim/vhdl/matrixmul.autotb.vhd
$finish called at time : 1012 ns
## quit
INFO: [Common 17-206] Exiting xsim at Sat Sep 22 15:41:27 2018...
