   Build using "D:/Xilinx/Vivado_HLS/2017.2/msys/bin/g++.exe"
   Compiling apatb_eq.cpp
   Compiling (apcc) EQ.c_pre.c.tb.c
INFO: [HLS 200-10] Running 'd:/Xilinx/Vivado_HLS/2017.2/bin/unwrapped/win64.o/apcc.exe'
INFO: [HLS 200-10] For user 'Entvex' on host 'desktop-mbd2ksk' (Windows NT_amd64 version 6.2) on Tue Sep 25 09:33:33 +0200 2018
INFO: [HLS 200-10] In directory 'D:/Xilinx/Assignment_2/EQ_HLS/HLS/solution1/sim/wrapc'
clang: warning: argument unused during compilation: '-fno-builtin-isinf'
clang: warning: argument unused during compilation: '-fno-builtin-isnan'
INFO: [APCC 202-3] Tmp directory is apcc_db
INFO: [APCC 202-1] APCC is done.
   Compiling (apcc) EQFilter.c_pre.c.tb.c
INFO: [HLS 200-10] Running 'd:/Xilinx/Vivado_HLS/2017.2/bin/unwrapped/win64.o/apcc.exe'
INFO: [HLS 200-10] For user 'Entvex' on host 'desktop-mbd2ksk' (Windows NT_amd64 version 6.2) on Tue Sep 25 09:33:35 +0200 2018
INFO: [HLS 200-10] In directory 'D:/Xilinx/Assignment_2/EQ_HLS/HLS/solution1/sim/wrapc'
clang: warning: argument unused during compilation: '-fno-builtin-isinf'
clang: warning: argument unused during compilation: '-fno-builtin-isnan'
INFO: [APCC 202-3] Tmp directory is apcc_db
INFO: [APCC 202-1] APCC is done.
   Compiling (apcc) EQTest.c_pre.c.tb.c
INFO: [HLS 200-10] Running 'd:/Xilinx/Vivado_HLS/2017.2/bin/unwrapped/win64.o/apcc.exe'
INFO: [HLS 200-10] For user 'Entvex' on host 'desktop-mbd2ksk' (Windows NT_amd64 version 6.2) on Tue Sep 25 09:33:37 +0200 2018
INFO: [HLS 200-10] In directory 'D:/Xilinx/Assignment_2/EQ_HLS/HLS/solution1/sim/wrapc'
clang: warning: argument unused during compilation: '-fno-builtin-isinf'
clang: warning: argument unused during compilation: '-fno-builtin-isnan'
INFO: [APCC 202-3] Tmp directory is apcc_db
INFO: [APCC 202-1] APCC is done.
   Generating cosim.tv.exe
