10:20:08 INFO  : Registering command handlers for SDK TCF services
10:20:09 INFO  : Launching XSCT server: xsct.bat -interactive D:\Xilinx\Assignment_2\HLS_labs\lab4\audio\audio.sdk\temp_xsdb_launch_script.tcl
10:20:14 INFO  : XSCT server has started successfully.
10:20:14 INFO  : Successfully done setting XSCT server connection channel  
10:20:47 INFO  : Successfully done setting SDK workspace  
10:20:47 INFO  : Processing command line option -hwspec D:/Xilinx/Assignment_2/HLS_labs/lab4/audio/audio.sdk/system_wrapper.hdf.
10:23:26 INFO  : Launching XSCT server: xsct.bat -interactive D:\Xilinx\Assignment_2\HLS_labs\lab4\audio\audio.sdk\temp_xsdb_launch_script.tcl
10:23:27 INFO  : XSCT server has started successfully.
10:23:27 INFO  : Successfully done setting XSCT server connection channel  
10:23:29 INFO  : Successfully done setting SDK workspace  
10:23:30 INFO  : Registering command handlers for SDK TCF services
10:23:33 INFO  : Processing command line option -hwspec D:/Xilinx/Assignment_2/HLS_labs/lab4/audio/audio.sdk/system_wrapper.hdf.
10:23:33 INFO  : Checking for hwspec changes in the project system_wrapper_hw_platform_0.
10:29:55 INFO  : Launching XSCT server: xsct.bat -interactive D:\Xilinx\Assignment_2\HLS_labs\lab4\audio\audio.sdk\temp_xsdb_launch_script.tcl
10:29:57 INFO  : XSCT server has started successfully.
10:30:28 INFO  : Launching XSCT server: xsct.bat -interactive D:\Xilinx\Assignment_2\HLS_labs\lab4\audio\audio.sdk\temp_xsdb_launch_script.tcl
10:30:30 INFO  : XSCT server has started successfully.
10:52:52 INFO  : Connected to target on host '127.0.0.1' and port '3121'.
10:52:56 INFO  : 'targets -set -filter {jtag_cable_name =~ "Digilent Zybo 210279655982A" && level==0} -index 1' command is executed.
10:52:57 INFO  : FPGA configured successfully with bitstream "D:/Xilinx/Assignment_2/HLS_labs/lab4/audio/audio.sdk/system_wrapper_hw_platform_0/system_wrapper.bit"
10:54:14 INFO  : ps7_init is completed.
10:54:14 INFO  : ps7_post_config is completed.
10:54:15 INFO  : Processor reset is completed for ps7_cortexa9_0
11:01:52 ERROR : Unexpected error while parsing XMD response ?: com.google.gson.JsonSyntaxException: com.google.gson.stream.MalformedJsonException: invalid number or unquoted string near 
