

================================================================
== Vivado HLS Report for 'iosc_pulse'
================================================================
* Date:           Thu Oct  4 15:21:49 2018

* Version:        2017.2 (Build 1909853 on Thu Jun 15 18:55:24 MDT 2017)
* Project:        HLSexerciseWithSystemC
* Solution:       solution1
* Product family: zynq
* Target device:  xc7z010clg400-1


================================================================
== Performance Estimates
================================================================
+ Timing (ns): 
    * Summary: 
    +--------+-------+----------+------------+
    |  Clock | Target| Estimated| Uncertainty|
    +--------+-------+----------+------------+
    |ap_clk  |  10.00|      3.91|        1.25|
    +--------+-------+----------+------------+

+ Latency (clock cycles): 
    * Summary: 
    +-----+-----+-----+-----+---------+
    |  Latency  |  Interval | Pipeline|
    | min | max | min | max |   Type  |
    +-----+-----+-----+-----+---------+
    |    3|    3|    3|    3|   none  |
    +-----+-----+-----+-----+---------+

    + Detail: 
        * Instance: 
        N/A

        * Loop: 
        +----------+-----+-----+----------+-----------+-----------+------+----------+
        |          |  Latency  | Iteration|  Initiation Interval  | Trip |          |
        | Loop Name| min | max |  Latency |  achieved |   target  | Count| Pipelined|
        +----------+-----+-----+----------+-----------+-----------+------+----------+
        |- Loop 1  |    1|    1|         1|          -|          -|  inf |    no    |
        +----------+-----+-----+----------+-----------+-----------+------+----------+



================================================================
== Utilization Estimates
================================================================
* Summary: 
+-----------------+---------+-------+-------+-------+
|       Name      | BRAM_18K| DSP48E|   FF  |  LUT  |
+-----------------+---------+-------+-------+-------+
|DSP              |        -|      -|      -|      -|
|Expression       |        -|      -|     35|     20|
|FIFO             |        -|      -|      -|      -|
|Instance         |        -|      -|      -|      -|
|Memory           |        -|      -|      -|      -|
|Multiplexer      |        -|      -|      -|     45|
|Register         |        -|      -|     13|      -|
+-----------------+---------+-------+-------+-------+
|Total            |        0|      0|     48|     65|
+-----------------+---------+-------+-------+-------+
|Available        |      120|     80|  35200|  17600|
+-----------------+---------+-------+-------+-------+
|Utilization (%)  |        0|      0|   ~0  |   ~0  |
+-----------------+---------+-------+-------+-------+

+ Detail: 
    * Instance: 
    N/A

    * DSP48: 
    N/A

    * Memory: 
    N/A

    * FIFO: 
    N/A

    * Expression: 
    +--------------------------+----------+-------+----+----+------------+------------+
    |       Variable Name      | Operation| DSP48E| FF | LUT| Bitwidth P0| Bitwidth P1|
    +--------------------------+----------+-------+----+----+------------+------------+
    |clockCounter_V_fu_107_p2  |     +    |      0|  35|  15|          10|           1|
    |tmp_fu_101_p2             |   icmp   |      0|   0|   5|          10|           6|
    +--------------------------+----------+-------+----+----+------------+------------+
    |Total                     |          |      0|  35|  20|          20|           7|
    +--------------------------+----------+-------+----+----+------------+------------+

    * Multiplexer: 
    +------------------------+----+-----------+-----+-----------+
    |          Name          | LUT| Input Size| Bits| Total Bits|
    +------------------------+----+-----------+-----+-----------+
    |ap_NS_fsm               |  21|          4|    1|          4|
    |clockCounter_V_1_fu_80  |   9|          2|   10|         20|
    |internalPulse           |  15|          3|    1|          3|
    +------------------------+----+-----------+-----+-----------+
    |Total                   |  45|          9|   12|         27|
    +------------------------+----+-----------+-----+-----------+

    * Register: 
    +------------------------+----+----+-----+-----------+
    |          Name          | FF | LUT| Bits| Const Bits|
    +------------------------+----+----+-----+-----------+
    |ap_CS_fsm               |   3|   0|    3|          0|
    |clockCounter_V_1_fu_80  |  10|   0|   10|          0|
    +------------------------+----+----+-----+-----------+
    |Total                   |  13|   0|   13|          0|
    +------------------------+----+----+-----+-----------+



================================================================
== Interface
================================================================
* Summary: 
+----------------------+-----+-----+------------+---------------+--------------+
|       RTL Ports      | Dir | Bits|  Protocol  | Source Object |    C Type    |
+----------------------+-----+-----+------------+---------------+--------------+
|ap_clk                |  in |    1| ap_ctrl_hs |  iosc::pulse  | return value |
|ap_rst                |  in |    1| ap_ctrl_hs |  iosc::pulse  | return value |
|internalPulse         | out |    1|   ap_vld   | internalPulse |    pointer   |
|internalPulse_ap_vld  | out |    1|   ap_vld   | internalPulse |    pointer   |
+----------------------+-----+-----+------------+---------------+--------------+

