Copyright 1986-2017 Xilinx, Inc. All Rights Reserved.
----------------------------------------------------------------------------------------------------------------------------------------------------------------
| Tool Version     : Vivado v.2017.2 (win64) Build 1909853 Thu Jun 15 18:39:09 MDT 2017
| Date             : Tue Sep 25 10:12:43 2018
| Host             : DESKTOP-MBD2KSK running 64-bit major release  (build 9200)
| Command          : report_power -file system_wrapper_power_routed.rpt -pb system_wrapper_power_summary_routed.pb -rpx system_wrapper_power_routed.rpx
| Design           : system_wrapper
| Device           : xc7z010clg400-1
| Design State     : routed
| Grade            : commercial
| Process          : typical
| Characterization : Production
----------------------------------------------------------------------------------------------------------------------------------------------------------------

Power Report

Table of Contents
-----------------
1. Summary
1.1 On-Chip Components
1.2 Power Supply Summary
1.3 Confidence Level
2. Settings
2.1 Environment
2.2 Clock Constraints
3. Detailed Reports
3.1 By Hierarchy

1. Summary
----------

+--------------------------+-------+
| Total On-Chip Power (W)  | 1.663 |
| Dynamic (W)              | 1.537 |
| Device Static (W)        | 0.126 |
| Effective TJA (C/W)      | 11.5  |
| Max Ambient (C)          | 65.8  |
| Junction Temperature (C) | 44.2  |
| Confidence Level         | Low   |
| Setting File             | ---   |
| Simulation Activity File | ---   |
| Design Nets Matched      | NA    |
+--------------------------+-------+


1.1 On-Chip Components
----------------------

+--------------------------+-----------+----------+-----------+-----------------+
| On-Chip                  | Power (W) | Used     | Available | Utilization (%) |
+--------------------------+-----------+----------+-----------+-----------------+
| Clocks                   |     0.007 |        3 |       --- |             --- |
| Slice Logic              |     0.003 |     4185 |       --- |             --- |
|   LUT as Logic           |     0.003 |     1358 |     17600 |            7.72 |
|   Register               |    <0.001 |     1984 |     35200 |            5.64 |
|   CARRY4                 |    <0.001 |       66 |      4400 |            1.50 |
|   LUT as Distributed RAM |    <0.001 |       66 |      6000 |            1.10 |
|   F7/F8 Muxes            |    <0.001 |        4 |     17600 |            0.02 |
|   LUT as Shift Register  |    <0.001 |       62 |      6000 |            1.03 |
|   Others                 |     0.000 |      246 |       --- |             --- |
| Signals                  |     0.007 |     3631 |       --- |             --- |
| Block RAM                |     0.002 |        1 |        60 |            1.67 |
| DSPs                     |     0.009 |       10 |        80 |           12.50 |
| I/O                      |    <0.001 |        8 |       100 |            8.00 |
| PS7                      |     1.509 |        1 |       --- |             --- |
| Static Power             |     0.126 |          |           |                 |
| Total                    |     1.663 |          |           |                 |
+--------------------------+-----------+----------+-----------+-----------------+


1.2 Power Supply Summary
------------------------

+-----------+-------------+-----------+-------------+------------+
| Source    | Voltage (V) | Total (A) | Dynamic (A) | Static (A) |
+-----------+-------------+-----------+-------------+------------+
| Vccint    |       1.000 |     0.035 |       0.028 |      0.007 |
| Vccaux    |       1.800 |     0.012 |       0.000 |      0.012 |
| Vcco33    |       3.300 |     0.000 |       0.000 |      0.000 |
| Vcco25    |       2.500 |     0.000 |       0.000 |      0.000 |
| Vcco18    |       1.800 |     0.000 |       0.000 |      0.000 |
| Vcco15    |       1.500 |     0.000 |       0.000 |      0.000 |
| Vcco135   |       1.350 |     0.000 |       0.000 |      0.000 |
| Vcco12    |       1.200 |     0.000 |       0.000 |      0.000 |
| Vccaux_io |       1.800 |     0.000 |       0.000 |      0.000 |
| Vccbram   |       1.000 |     0.001 |       0.000 |      0.000 |
| MGTAVcc   |       1.000 |     0.000 |       0.000 |      0.000 |
| MGTAVtt   |       1.200 |     0.000 |       0.000 |      0.000 |
| MGTVccaux |       1.800 |     0.000 |       0.000 |      0.000 |
| Vccpint   |       1.000 |     0.738 |       0.708 |      0.030 |
| Vccpaux   |       1.800 |     0.060 |       0.049 |      0.010 |
| Vccpll    |       1.800 |     0.018 |       0.015 |      0.003 |
| Vcco_ddr  |       1.500 |     0.458 |       0.456 |      0.002 |
| Vcco_mio0 |       3.300 |     0.001 |       0.000 |      0.001 |
| Vcco_mio1 |       1.800 |     0.001 |       0.000 |      0.001 |
| Vccadc    |       1.800 |     0.020 |       0.000 |      0.020 |
+-----------+-------------+-----------+-------------+------------+


1.3 Confidence Level
--------------------

+-----------------------------+------------+--------------------------------------------------------+------------------------------------------------------------------------------------------------------------+
| User Input Data             | Confidence | Details                                                | Action                                                                                                     |
+-----------------------------+------------+--------------------------------------------------------+------------------------------------------------------------------------------------------------------------+
| Design implementation state | High       | Design is routed                                       |                                                                                                            |
| Clock nodes activity        | High       | User specified more than 95% of clocks                 |                                                                                                            |
| I/O nodes activity          | Low        | More than 75% of inputs are missing user specification | Provide missing input activity with simulation results or by editing the "By Resource Type -> I/Os" view   |
| Internal nodes activity     | Medium     | User specified less than 25% of internal nodes         | Provide missing internal nodes activity with simulation results or by editing the "By Resource Type" views |
| Device models               | High       | Device models are Production                           |                                                                                                            |
|                             |            |                                                        |                                                                                                            |
| Overall confidence level    | Low        |                                                        |                                                                                                            |
+-----------------------------+------------+--------------------------------------------------------+------------------------------------------------------------------------------------------------------------+


2. Settings
-----------

2.1 Environment
---------------

+-----------------------+------------------------+
| Ambient Temp (C)      | 25.0                   |
| ThetaJA (C/W)         | 11.5                   |
| Airflow (LFM)         | 250                    |
| Heat Sink             | none                   |
| ThetaSA (C/W)         | 0.0                    |
| Board Selection       | medium (10"x10")       |
| # of Board Layers     | 8to11 (8 to 11 Layers) |
| Board Temperature (C) | 25.0                   |
+-----------------------+------------------------+


2.2 Clock Constraints
---------------------

+------------+-----------------------------------------------------------+-----------------+
| Clock      | Domain                                                    | Constraint (ns) |
+------------+-----------------------------------------------------------+-----------------+
| clk_fpga_0 | system_i/processing_system7_0/inst/FCLK_CLK_unbuffered[0] |            10.0 |
+------------+-----------------------------------------------------------+-----------------+


3. Detailed Reports
-------------------

3.1 By Hierarchy
----------------

+--------------------------------------------------+-----------+
| Name                                             | Power (W) |
+--------------------------------------------------+-----------+
| system_wrapper                                   |     1.537 |
|   system_i                                       |     1.537 |
|     buttons                                      |    <0.001 |
|       U0                                         |    <0.001 |
|         AXI_LITE_IPIF_I                          |    <0.001 |
|           I_SLAVE_ATTACHMENT                     |    <0.001 |
|             I_DECODER                            |    <0.001 |
|         gpio_core_1                              |    <0.001 |
|           Not_Dual.INPUT_DOUBLE_REGS3            |    <0.001 |
|     eq_0                                         |     0.021 |
|       U0                                         |     0.021 |
|         coeff_U                                  |     0.003 |
|           eq_coeff_ram_U                         |     0.003 |
|         eq_eqio_s_axi_U                          |     0.002 |
|         eq_mul_16s_32s_32_2_U0                   |     0.002 |
|           eq_mul_16s_32s_32_2_MulnS_0_U          |     0.002 |
|         eq_mul_16s_32s_32_2_U1                   |     0.002 |
|           eq_mul_16s_32s_32_2_MulnS_0_U          |     0.002 |
|         eq_mul_16s_32s_32_2_U2                   |     0.002 |
|           eq_mul_16s_32s_32_2_MulnS_0_U          |     0.002 |
|         eq_mul_17s_32s_32_2_U3                   |     0.002 |
|           eq_mul_17s_32s_32_2_MulnS_1_U          |     0.002 |
|         eq_mul_17s_32s_32_2_U4                   |     0.002 |
|           eq_mul_17s_32s_32_2_MulnS_1_U          |     0.002 |
|         x1_fix_U                                 |    <0.001 |
|           eq_x1_fix_ram_U                        |    <0.001 |
|             ram_reg_0_7_0_0                      |    <0.001 |
|             ram_reg_0_7_10_10                    |    <0.001 |
|             ram_reg_0_7_11_11                    |    <0.001 |
|             ram_reg_0_7_12_12                    |    <0.001 |
|             ram_reg_0_7_13_13                    |    <0.001 |
|             ram_reg_0_7_14_14                    |    <0.001 |
|             ram_reg_0_7_15_15                    |    <0.001 |
|             ram_reg_0_7_1_1                      |    <0.001 |
|             ram_reg_0_7_2_2                      |    <0.001 |
|             ram_reg_0_7_3_3                      |    <0.001 |
|             ram_reg_0_7_4_4                      |    <0.001 |
|             ram_reg_0_7_5_5                      |    <0.001 |
|             ram_reg_0_7_6_6                      |    <0.001 |
|             ram_reg_0_7_7_7                      |    <0.001 |
|             ram_reg_0_7_8_8                      |    <0.001 |
|             ram_reg_0_7_9_9                      |    <0.001 |
|         x2_fix_U                                 |    <0.001 |
|           eq_x1_fix_ram_U                        |    <0.001 |
|             ram_reg_0_7_0_0                      |    <0.001 |
|             ram_reg_0_7_10_10                    |    <0.001 |
|             ram_reg_0_7_11_11                    |    <0.001 |
|             ram_reg_0_7_12_12                    |    <0.001 |
|             ram_reg_0_7_13_13                    |    <0.001 |
|             ram_reg_0_7_14_14                    |    <0.001 |
|             ram_reg_0_7_15_15                    |    <0.001 |
|             ram_reg_0_7_1_1                      |    <0.001 |
|             ram_reg_0_7_2_2                      |    <0.001 |
|             ram_reg_0_7_3_3                      |    <0.001 |
|             ram_reg_0_7_4_4                      |    <0.001 |
|             ram_reg_0_7_5_5                      |    <0.001 |
|             ram_reg_0_7_6_6                      |    <0.001 |
|             ram_reg_0_7_7_7                      |    <0.001 |
|             ram_reg_0_7_8_8                      |    <0.001 |
|             ram_reg_0_7_9_9                      |    <0.001 |
|         y1_fix_U                                 |    <0.001 |
|           eq_y1_fix_ram_U                        |    <0.001 |
|             ram_reg_0_7_0_0                      |    <0.001 |
|             ram_reg_0_7_10_10                    |    <0.001 |
|             ram_reg_0_7_11_11                    |    <0.001 |
|             ram_reg_0_7_12_12                    |    <0.001 |
|             ram_reg_0_7_13_13                    |    <0.001 |
|             ram_reg_0_7_14_14                    |    <0.001 |
|             ram_reg_0_7_15_15                    |    <0.001 |
|             ram_reg_0_7_16_16                    |    <0.001 |
|             ram_reg_0_7_1_1                      |    <0.001 |
|             ram_reg_0_7_2_2                      |    <0.001 |
|             ram_reg_0_7_3_3                      |    <0.001 |
|             ram_reg_0_7_4_4                      |    <0.001 |
|             ram_reg_0_7_5_5                      |    <0.001 |
|             ram_reg_0_7_6_6                      |    <0.001 |
|             ram_reg_0_7_7_7                      |    <0.001 |
|             ram_reg_0_7_8_8                      |    <0.001 |
|             ram_reg_0_7_9_9                      |    <0.001 |
|         y2_fix_U                                 |    <0.001 |
|           eq_y1_fix_ram_U                        |    <0.001 |
|             ram_reg_0_7_0_0                      |    <0.001 |
|             ram_reg_0_7_10_10                    |    <0.001 |
|             ram_reg_0_7_11_11                    |    <0.001 |
|             ram_reg_0_7_12_12                    |    <0.001 |
|             ram_reg_0_7_13_13                    |    <0.001 |
|             ram_reg_0_7_14_14                    |    <0.001 |
|             ram_reg_0_7_15_15                    |    <0.001 |
|             ram_reg_0_7_16_16                    |    <0.001 |
|             ram_reg_0_7_1_1                      |    <0.001 |
|             ram_reg_0_7_2_2                      |    <0.001 |
|             ram_reg_0_7_3_3                      |    <0.001 |
|             ram_reg_0_7_4_4                      |    <0.001 |
|             ram_reg_0_7_5_5                      |    <0.001 |
|             ram_reg_0_7_6_6                      |    <0.001 |
|             ram_reg_0_7_7_7                      |    <0.001 |
|             ram_reg_0_7_8_8                      |    <0.001 |
|             ram_reg_0_7_9_9                      |    <0.001 |
|     matrix_ip                                    |    <0.001 |
|       U0                                         |    <0.001 |
|         matrix_ip_v1_0_S_AXI_inst                |    <0.001 |
|     processing_system7_0                         |     1.509 |
|       inst                                       |     1.509 |
|     processing_system7_0_axi_periph              |     0.005 |
|       s00_couplers                               |     0.004 |
|         auto_pc                                  |     0.004 |
|           inst                                   |     0.004 |
|             gen_axilite.gen_b2s_conv.axilite_b2s |     0.004 |
|               RD.ar_channel_0                    |    <0.001 |
|                 ar_cmd_fsm_0                     |    <0.001 |
|                 cmd_translator_0                 |    <0.001 |
|                   incr_cmd_0                     |    <0.001 |
|                   wrap_cmd_0                     |    <0.001 |
|               RD.r_channel_0                     |    <0.001 |
|                 rd_data_fifo_0                   |    <0.001 |
|                 transaction_fifo_0               |    <0.001 |
|               SI_REG                             |     0.001 |
|                 ar_pipe                          |    <0.001 |
|                 aw_pipe                          |    <0.001 |
|                 b_pipe                           |    <0.001 |
|                 r_pipe                           |    <0.001 |
|               WR.aw_channel_0                    |    <0.001 |
|                 aw_cmd_fsm_0                     |    <0.001 |
|                 cmd_translator_0                 |    <0.001 |
|                   incr_cmd_0                     |    <0.001 |
|                   wrap_cmd_0                     |    <0.001 |
|               WR.b_channel_0                     |    <0.001 |
|                 bid_fifo_0                       |    <0.001 |
|                 bresp_fifo_0                     |    <0.001 |
|       xbar                                       |    <0.001 |
|         inst                                     |    <0.001 |
|           gen_sasd.crossbar_sasd_0               |    <0.001 |
|             addr_arbiter_inst                    |    <0.001 |
|             gen_decerr.decerr_slave_inst         |    <0.001 |
|             reg_slice_r                          |    <0.001 |
|             splitter_ar                          |    <0.001 |
|             splitter_aw                          |    <0.001 |
|     rst_processing_system7_0_50M                 |    <0.001 |
|       U0                                         |    <0.001 |
|         EXT_LPF                                  |    <0.001 |
|           ACTIVE_LOW_EXT.ACT_LO_EXT              |    <0.001 |
|         SEQ                                      |    <0.001 |
|           SEQ_COUNTER                            |    <0.001 |
|     switches                                     |    <0.001 |
|       U0                                         |    <0.001 |
|         AXI_LITE_IPIF_I                          |    <0.001 |
|           I_SLAVE_ATTACHMENT                     |    <0.001 |
|             I_DECODER                            |    <0.001 |
|         gpio_core_1                              |    <0.001 |
|           Not_Dual.INPUT_DOUBLE_REGS3            |    <0.001 |
+--------------------------------------------------+-----------+


