
*** Running vivado
    with args -log design_1_iosc_0_1.vds -m64 -product Vivado -mode batch -messageDb vivado.pb -notrace -source design_1_iosc_0_1.tcl


****** Vivado v2017.2 (64-bit)
  **** SW Build 1909853 on Thu Jun 15 18:39:09 MDT 2017
  **** IP Build 1909766 on Thu Jun 15 19:58:00 MDT 2017
    ** Copyright 1986-2017 Xilinx, Inc. All Rights Reserved.

source design_1_iosc_0_1.tcl -notrace
Command: synth_design -top design_1_iosc_0_1 -part xc7z010clg400-1 -mode out_of_context
Starting synth_design
Attempting to get a license for feature 'Synthesis' and/or device 'xc7z010-clg400'
INFO: [Common 17-349] Got license for feature 'Synthesis' and/or device 'xc7z010-clg400'
INFO: Launching helper process for spawning children vivado processes
INFO: Helper process launched with PID 10532 
---------------------------------------------------------------------------------
Starting RTL Elaboration : Time (s): cpu = 00:00:03 ; elapsed = 00:00:06 . Memory (MB): peak = 308.574 ; gain = 80.402
---------------------------------------------------------------------------------
INFO: [Synth 8-638] synthesizing module 'design_1_iosc_0_1' [d:/Xilinx/Assignment_2/EmbeddedSystem_labs/lab_7/lab_7.srcs/sources_1/bd/design_1/ip/design_1_iosc_0_1/synth/design_1_iosc_0_1.v:57]
INFO: [Synth 8-638] synthesizing module 'iosc_top' [d:/Xilinx/Assignment_2/EmbeddedSystem_labs/lab_7/lab_7.srcs/sources_1/bd/design_1/ipshared/ebc3/hdl/verilog/iosc_top.v:9]
	Parameter C_S_AXI_SLV0_ADDR_WIDTH bound to: 5 - type: integer 
	Parameter C_S_AXI_SLV0_DATA_WIDTH bound to: 32 - type: integer 
	Parameter RESET_ACTIVE_LOW bound to: 1 - type: integer 
INFO: [Synth 8-638] synthesizing module 'iosc' [d:/Xilinx/Assignment_2/EmbeddedSystem_labs/lab_7/lab_7.srcs/sources_1/bd/design_1/ipshared/ebc3/hdl/verilog/iosc.v:12]
INFO: [Synth 8-638] synthesizing module 'iosc_pulse' [d:/Xilinx/Assignment_2/EmbeddedSystem_labs/lab_7/lab_7.srcs/sources_1/bd/design_1/ipshared/ebc3/hdl/verilog/iosc_pulse.v:10]
	Parameter ap_ST_fsm_state1 bound to: 3'b001 
	Parameter ap_ST_fsm_state2 bound to: 3'b010 
	Parameter ap_ST_fsm_state3 bound to: 3'b100 
INFO: [Synth 8-5534] Detected attribute (* fsm_encoding = "none" *) [d:/Xilinx/Assignment_2/EmbeddedSystem_labs/lab_7/lab_7.srcs/sources_1/bd/design_1/ipshared/ebc3/hdl/verilog/iosc_pulse.v:30]
INFO: [Synth 8-256] done synthesizing module 'iosc_pulse' (1#1) [d:/Xilinx/Assignment_2/EmbeddedSystem_labs/lab_7/lab_7.srcs/sources_1/bd/design_1/ipshared/ebc3/hdl/verilog/iosc_pulse.v:10]
INFO: [Synth 8-638] synthesizing module 'iosc_controlOutLeds' [d:/Xilinx/Assignment_2/EmbeddedSystem_labs/lab_7/lab_7.srcs/sources_1/bd/design_1/ipshared/ebc3/hdl/verilog/iosc_controlOutLeds.v:10]
	Parameter ap_ST_fsm_state1 bound to: 3'b001 
	Parameter ap_ST_fsm_state2 bound to: 3'b010 
	Parameter ap_ST_fsm_state3 bound to: 3'b100 
INFO: [Synth 8-5534] Detected attribute (* fsm_encoding = "none" *) [d:/Xilinx/Assignment_2/EmbeddedSystem_labs/lab_7/lab_7.srcs/sources_1/bd/design_1/ipshared/ebc3/hdl/verilog/iosc_controlOutLeds.v:36]
INFO: [Synth 8-256] done synthesizing module 'iosc_controlOutLeds' (2#1) [d:/Xilinx/Assignment_2/EmbeddedSystem_labs/lab_7/lab_7.srcs/sources_1/bd/design_1/ipshared/ebc3/hdl/verilog/iosc_controlOutLeds.v:10]
INFO: [Synth 8-256] done synthesizing module 'iosc' (3#1) [d:/Xilinx/Assignment_2/EmbeddedSystem_labs/lab_7/lab_7.srcs/sources_1/bd/design_1/ipshared/ebc3/hdl/verilog/iosc.v:12]
INFO: [Synth 8-638] synthesizing module 'iosc_slv0_if' [d:/Xilinx/Assignment_2/EmbeddedSystem_labs/lab_7/lab_7.srcs/sources_1/bd/design_1/ipshared/ebc3/hdl/verilog/iosc_slv0_if.v:9]
	Parameter C_ADDR_WIDTH bound to: 5 - type: integer 
	Parameter C_DATA_WIDTH bound to: 32 - type: integer 
	Parameter ADDR_BITS bound to: 5 - type: integer 
	Parameter ADDR_CTRL_CTRL bound to: 5'b10000 
	Parameter ADDR_CTRL_DATA_0 bound to: 5'b10100 
	Parameter WRIDLE bound to: 2'b00 
	Parameter WRDATA bound to: 2'b01 
	Parameter WRRESP bound to: 2'b10 
	Parameter RDIDLE bound to: 2'b00 
	Parameter RDDATA bound to: 2'b01 
INFO: [Synth 8-155] case statement is not full and has no default [d:/Xilinx/Assignment_2/EmbeddedSystem_labs/lab_7/lab_7.srcs/sources_1/bd/design_1/ipshared/ebc3/hdl/verilog/iosc_slv0_if.v:172]
INFO: [Synth 8-256] done synthesizing module 'iosc_slv0_if' (4#1) [d:/Xilinx/Assignment_2/EmbeddedSystem_labs/lab_7/lab_7.srcs/sources_1/bd/design_1/ipshared/ebc3/hdl/verilog/iosc_slv0_if.v:9]
INFO: [Synth 8-638] synthesizing module 'iosc_reset_if' [d:/Xilinx/Assignment_2/EmbeddedSystem_labs/lab_7/lab_7.srcs/sources_1/bd/design_1/ipshared/ebc3/hdl/verilog/iosc_reset_if.v:10]
	Parameter RESET_ACTIVE_LOW bound to: 1 - type: integer 
INFO: [Synth 8-256] done synthesizing module 'iosc_reset_if' (5#1) [d:/Xilinx/Assignment_2/EmbeddedSystem_labs/lab_7/lab_7.srcs/sources_1/bd/design_1/ipshared/ebc3/hdl/verilog/iosc_reset_if.v:10]
INFO: [Synth 8-256] done synthesizing module 'iosc_top' (6#1) [d:/Xilinx/Assignment_2/EmbeddedSystem_labs/lab_7/lab_7.srcs/sources_1/bd/design_1/ipshared/ebc3/hdl/verilog/iosc_top.v:9]
INFO: [Synth 8-256] done synthesizing module 'design_1_iosc_0_1' (7#1) [d:/Xilinx/Assignment_2/EmbeddedSystem_labs/lab_7/lab_7.srcs/sources_1/bd/design_1/ip/design_1_iosc_0_1/synth/design_1_iosc_0_1.v:57]
WARNING: [Synth 8-3331] design iosc_slv0_if has unconnected port WDATA[31]
WARNING: [Synth 8-3331] design iosc_slv0_if has unconnected port WDATA[30]
WARNING: [Synth 8-3331] design iosc_slv0_if has unconnected port WDATA[29]
WARNING: [Synth 8-3331] design iosc_slv0_if has unconnected port WDATA[28]
WARNING: [Synth 8-3331] design iosc_slv0_if has unconnected port WDATA[27]
WARNING: [Synth 8-3331] design iosc_slv0_if has unconnected port WDATA[26]
WARNING: [Synth 8-3331] design iosc_slv0_if has unconnected port WDATA[25]
WARNING: [Synth 8-3331] design iosc_slv0_if has unconnected port WDATA[24]
WARNING: [Synth 8-3331] design iosc_slv0_if has unconnected port WDATA[23]
WARNING: [Synth 8-3331] design iosc_slv0_if has unconnected port WDATA[22]
WARNING: [Synth 8-3331] design iosc_slv0_if has unconnected port WDATA[21]
WARNING: [Synth 8-3331] design iosc_slv0_if has unconnected port WDATA[20]
WARNING: [Synth 8-3331] design iosc_slv0_if has unconnected port WDATA[19]
WARNING: [Synth 8-3331] design iosc_slv0_if has unconnected port WDATA[18]
WARNING: [Synth 8-3331] design iosc_slv0_if has unconnected port WDATA[17]
WARNING: [Synth 8-3331] design iosc_slv0_if has unconnected port WDATA[16]
WARNING: [Synth 8-3331] design iosc_slv0_if has unconnected port WDATA[15]
WARNING: [Synth 8-3331] design iosc_slv0_if has unconnected port WDATA[14]
WARNING: [Synth 8-3331] design iosc_slv0_if has unconnected port WDATA[13]
WARNING: [Synth 8-3331] design iosc_slv0_if has unconnected port WDATA[12]
WARNING: [Synth 8-3331] design iosc_slv0_if has unconnected port WDATA[11]
WARNING: [Synth 8-3331] design iosc_slv0_if has unconnected port WDATA[10]
WARNING: [Synth 8-3331] design iosc_slv0_if has unconnected port WDATA[9]
WARNING: [Synth 8-3331] design iosc_slv0_if has unconnected port WDATA[8]
WARNING: [Synth 8-3331] design iosc_slv0_if has unconnected port WDATA[7]
WARNING: [Synth 8-3331] design iosc_slv0_if has unconnected port WDATA[6]
WARNING: [Synth 8-3331] design iosc_slv0_if has unconnected port WDATA[5]
WARNING: [Synth 8-3331] design iosc_slv0_if has unconnected port WDATA[4]
---------------------------------------------------------------------------------
Finished RTL Elaboration : Time (s): cpu = 00:00:04 ; elapsed = 00:00:07 . Memory (MB): peak = 347.902 ; gain = 119.730
---------------------------------------------------------------------------------

Report Check Netlist: 
+------+------------------+-------+---------+-------+------------------+
|      |Item              |Errors |Warnings |Status |Description       |
+------+------------------+-------+---------+-------+------------------+
|1     |multi_driven_nets |      0|        0|Passed |Multi driven nets |
+------+------------------+-------+---------+-------+------------------+
---------------------------------------------------------------------------------
Finished RTL Optimization Phase 1 : Time (s): cpu = 00:00:04 ; elapsed = 00:00:07 . Memory (MB): peak = 347.902 ; gain = 119.730
---------------------------------------------------------------------------------
INFO: [Device 21-403] Loading part xc7z010clg400-1
INFO: [Project 1-570] Preparing netlist for logic optimization

Processing XDC Constraints
Initializing timing engine
Parsing XDC File [d:/Xilinx/Assignment_2/EmbeddedSystem_labs/lab_7/lab_7.srcs/sources_1/bd/design_1/ip/design_1_iosc_0_1/constraints/iosc_ooc.xdc] for cell 'inst'
Finished Parsing XDC File [d:/Xilinx/Assignment_2/EmbeddedSystem_labs/lab_7/lab_7.srcs/sources_1/bd/design_1/ip/design_1_iosc_0_1/constraints/iosc_ooc.xdc] for cell 'inst'
Parsing XDC File [D:/Xilinx/Assignment_2/EmbeddedSystem_labs/lab_7/lab_7.runs/design_1_iosc_0_1_synth_1/dont_touch.xdc]
Finished Parsing XDC File [D:/Xilinx/Assignment_2/EmbeddedSystem_labs/lab_7/lab_7.runs/design_1_iosc_0_1_synth_1/dont_touch.xdc]
Completed Processing XDC Constraints

INFO: [Project 1-111] Unisim Transformation Summary:
No Unisim elements were transformed.

Constraint Validation Runtime : Time (s): cpu = 00:00:00 ; elapsed = 00:00:00.221 . Memory (MB): peak = 653.957 ; gain = 0.000
---------------------------------------------------------------------------------
Finished Constraint Validation : Time (s): cpu = 00:00:13 ; elapsed = 00:00:19 . Memory (MB): peak = 653.957 ; gain = 425.785
---------------------------------------------------------------------------------
---------------------------------------------------------------------------------
Start Loading Part and Timing Information
---------------------------------------------------------------------------------
Loading part: xc7z010clg400-1
---------------------------------------------------------------------------------
Finished Loading Part and Timing Information : Time (s): cpu = 00:00:13 ; elapsed = 00:00:19 . Memory (MB): peak = 653.957 ; gain = 425.785
---------------------------------------------------------------------------------
---------------------------------------------------------------------------------
Start Applying 'set_property' XDC Constraints
---------------------------------------------------------------------------------
Applied set_property DONT_TOUCH = true for inst. (constraint file  D:/Xilinx/Assignment_2/EmbeddedSystem_labs/lab_7/lab_7.runs/design_1_iosc_0_1_synth_1/dont_touch.xdc, line 9).
---------------------------------------------------------------------------------
Finished applying 'set_property' XDC Constraints : Time (s): cpu = 00:00:13 ; elapsed = 00:00:19 . Memory (MB): peak = 653.957 ; gain = 425.785
---------------------------------------------------------------------------------
INFO: [Synth 8-4490] FSM extraction disabled for register 'ap_CS_fsm_reg' through user attribute
WARNING: [Synth 8-6014] Unused sequential element clockCounter_V_1_fu_80_reg was removed.  [d:/Xilinx/Assignment_2/EmbeddedSystem_labs/lab_7/lab_7.srcs/sources_1/bd/design_1/ipshared/ebc3/hdl/verilog/iosc_pulse.v:52]
INFO: [Synth 8-4490] FSM extraction disabled for register 'ap_CS_fsm_reg' through user attribute
INFO: [Synth 8-5544] ROM "tmp_fu_148_p2" won't be mapped to Block RAM because address size (4) smaller than threshold (5)
WARNING: [Synth 8-6014] Unused sequential element v_assign_fu_106_reg was removed.  [d:/Xilinx/Assignment_2/EmbeddedSystem_labs/lab_7/lab_7.srcs/sources_1/bd/design_1/ipshared/ebc3/hdl/verilog/iosc_controlOutLeds.v:64]
INFO: [Synth 8-5546] ROM "rdata" won't be mapped to RAM because it is too sparse
---------------------------------------------------------------------------------
Finished RTL Optimization Phase 2 : Time (s): cpu = 00:00:13 ; elapsed = 00:00:19 . Memory (MB): peak = 653.957 ; gain = 425.785
---------------------------------------------------------------------------------

Report RTL Partitions: 
+-+--------------+------------+----------+
| |RTL Partition |Replication |Instances |
+-+--------------+------------+----------+
+-+--------------+------------+----------+
---------------------------------------------------------------------------------
Start RTL Component Statistics 
---------------------------------------------------------------------------------
Detailed RTL Component Info : 
+---Adders : 
	   2 Input     10 Bit       Adders := 1     
+---Registers : 
	               32 Bit    Registers := 1     
	               10 Bit    Registers := 1     
	                5 Bit    Registers := 1     
	                4 Bit    Registers := 2     
	                3 Bit    Registers := 2     
	                2 Bit    Registers := 1     
	                1 Bit    Registers := 2     
+---Muxes : 
	   2 Input     32 Bit        Muxes := 1     
	   2 Input      4 Bit        Muxes := 3     
	   4 Input      3 Bit        Muxes := 2     
	   6 Input      2 Bit        Muxes := 1     
	   2 Input      1 Bit        Muxes := 2     
	   5 Input      1 Bit        Muxes := 1     
---------------------------------------------------------------------------------
Finished RTL Component Statistics 
---------------------------------------------------------------------------------
---------------------------------------------------------------------------------
Start RTL Hierarchical Component Statistics 
---------------------------------------------------------------------------------
Hierarchical RTL Component report 
Module iosc_pulse 
Detailed RTL Component Info : 
+---Adders : 
	   2 Input     10 Bit       Adders := 1     
+---Registers : 
	               10 Bit    Registers := 1     
	                3 Bit    Registers := 1     
+---Muxes : 
	   4 Input      3 Bit        Muxes := 1     
Module iosc_controlOutLeds 
Detailed RTL Component Info : 
+---Registers : 
	                3 Bit    Registers := 1     
+---Muxes : 
	   2 Input      4 Bit        Muxes := 2     
	   4 Input      3 Bit        Muxes := 1     
	   2 Input      1 Bit        Muxes := 1     
Module iosc 
Detailed RTL Component Info : 
+---Registers : 
	                4 Bit    Registers := 1     
	                1 Bit    Registers := 1     
Module iosc_slv0_if 
Detailed RTL Component Info : 
+---Registers : 
	               32 Bit    Registers := 1     
	                5 Bit    Registers := 1     
	                4 Bit    Registers := 1     
	                2 Bit    Registers := 1     
	                1 Bit    Registers := 1     
+---Muxes : 
	   2 Input     32 Bit        Muxes := 1     
	   2 Input      4 Bit        Muxes := 1     
	   6 Input      2 Bit        Muxes := 1     
	   2 Input      1 Bit        Muxes := 1     
	   5 Input      1 Bit        Muxes := 1     
---------------------------------------------------------------------------------
Finished RTL Hierarchical Component Statistics
---------------------------------------------------------------------------------
---------------------------------------------------------------------------------
Start Part Resource Summary
---------------------------------------------------------------------------------
Part Resources:
DSPs: 80 (col length:40)
BRAMs: 120 (col length: RAMB18 40 RAMB36 20)
---------------------------------------------------------------------------------
Finished Part Resource Summary
---------------------------------------------------------------------------------
---------------------------------------------------------------------------------
Start Cross Boundary and Area Optimization
---------------------------------------------------------------------------------
INFO: [Synth 8-5546] ROM "iosc_slv0_if_U/rdata" won't be mapped to RAM because it is too sparse
WARNING: [Synth 8-6014] Unused sequential element iosc_U/grp_iosc_pulse_fu_74/clockCounter_V_1_fu_80_reg was removed.  [d:/Xilinx/Assignment_2/EmbeddedSystem_labs/lab_7/lab_7.srcs/sources_1/bd/design_1/ipshared/ebc3/hdl/verilog/iosc_pulse.v:52]
WARNING: [Synth 8-6014] Unused sequential element iosc_U/grp_iosc_controlOutLeds_fu_92/v_assign_fu_106_reg was removed.  [d:/Xilinx/Assignment_2/EmbeddedSystem_labs/lab_7/lab_7.srcs/sources_1/bd/design_1/ipshared/ebc3/hdl/verilog/iosc_controlOutLeds.v:64]
WARNING: [Synth 8-3331] design iosc_top has unconnected port s_axi_slv0_WDATA[31]
WARNING: [Synth 8-3331] design iosc_top has unconnected port s_axi_slv0_WDATA[30]
WARNING: [Synth 8-3331] design iosc_top has unconnected port s_axi_slv0_WDATA[29]
WARNING: [Synth 8-3331] design iosc_top has unconnected port s_axi_slv0_WDATA[28]
WARNING: [Synth 8-3331] design iosc_top has unconnected port s_axi_slv0_WDATA[27]
WARNING: [Synth 8-3331] design iosc_top has unconnected port s_axi_slv0_WDATA[26]
WARNING: [Synth 8-3331] design iosc_top has unconnected port s_axi_slv0_WDATA[25]
WARNING: [Synth 8-3331] design iosc_top has unconnected port s_axi_slv0_WDATA[24]
WARNING: [Synth 8-3331] design iosc_top has unconnected port s_axi_slv0_WDATA[23]
WARNING: [Synth 8-3331] design iosc_top has unconnected port s_axi_slv0_WDATA[22]
WARNING: [Synth 8-3331] design iosc_top has unconnected port s_axi_slv0_WDATA[21]
WARNING: [Synth 8-3331] design iosc_top has unconnected port s_axi_slv0_WDATA[20]
WARNING: [Synth 8-3331] design iosc_top has unconnected port s_axi_slv0_WDATA[19]
WARNING: [Synth 8-3331] design iosc_top has unconnected port s_axi_slv0_WDATA[18]
WARNING: [Synth 8-3331] design iosc_top has unconnected port s_axi_slv0_WDATA[17]
WARNING: [Synth 8-3331] design iosc_top has unconnected port s_axi_slv0_WDATA[16]
WARNING: [Synth 8-3331] design iosc_top has unconnected port s_axi_slv0_WDATA[15]
WARNING: [Synth 8-3331] design iosc_top has unconnected port s_axi_slv0_WDATA[14]
WARNING: [Synth 8-3331] design iosc_top has unconnected port s_axi_slv0_WDATA[13]
WARNING: [Synth 8-3331] design iosc_top has unconnected port s_axi_slv0_WDATA[12]
WARNING: [Synth 8-3331] design iosc_top has unconnected port s_axi_slv0_WDATA[11]
WARNING: [Synth 8-3331] design iosc_top has unconnected port s_axi_slv0_WDATA[10]
WARNING: [Synth 8-3331] design iosc_top has unconnected port s_axi_slv0_WDATA[9]
WARNING: [Synth 8-3331] design iosc_top has unconnected port s_axi_slv0_WDATA[8]
WARNING: [Synth 8-3331] design iosc_top has unconnected port s_axi_slv0_WDATA[7]
WARNING: [Synth 8-3331] design iosc_top has unconnected port s_axi_slv0_WDATA[6]
WARNING: [Synth 8-3331] design iosc_top has unconnected port s_axi_slv0_WDATA[5]
WARNING: [Synth 8-3331] design iosc_top has unconnected port s_axi_slv0_WDATA[4]
WARNING: [Synth 8-3331] design iosc_top has unconnected port s_axi_slv0_WSTRB[3]
WARNING: [Synth 8-3331] design iosc_top has unconnected port s_axi_slv0_WSTRB[2]
WARNING: [Synth 8-3331] design iosc_top has unconnected port s_axi_slv0_WSTRB[1]
INFO: [Synth 8-3886] merging instance 'inst/iosc_slv0_if_U/rdata_reg[4]' (FDRE) to 'inst/iosc_slv0_if_U/rdata_reg[31]'
INFO: [Synth 8-3886] merging instance 'inst/iosc_slv0_if_U/rdata_reg[5]' (FDRE) to 'inst/iosc_slv0_if_U/rdata_reg[31]'
INFO: [Synth 8-3886] merging instance 'inst/iosc_slv0_if_U/rdata_reg[6]' (FDRE) to 'inst/iosc_slv0_if_U/rdata_reg[31]'
INFO: [Synth 8-3886] merging instance 'inst/iosc_slv0_if_U/rdata_reg[7]' (FDRE) to 'inst/iosc_slv0_if_U/rdata_reg[31]'
INFO: [Synth 8-3886] merging instance 'inst/iosc_slv0_if_U/rdata_reg[8]' (FDRE) to 'inst/iosc_slv0_if_U/rdata_reg[31]'
INFO: [Synth 8-3886] merging instance 'inst/iosc_slv0_if_U/rdata_reg[9]' (FDRE) to 'inst/iosc_slv0_if_U/rdata_reg[31]'
INFO: [Synth 8-3886] merging instance 'inst/iosc_slv0_if_U/rdata_reg[10]' (FDRE) to 'inst/iosc_slv0_if_U/rdata_reg[31]'
INFO: [Synth 8-3886] merging instance 'inst/iosc_slv0_if_U/rdata_reg[11]' (FDRE) to 'inst/iosc_slv0_if_U/rdata_reg[31]'
INFO: [Synth 8-3886] merging instance 'inst/iosc_slv0_if_U/rdata_reg[12]' (FDRE) to 'inst/iosc_slv0_if_U/rdata_reg[31]'
INFO: [Synth 8-3886] merging instance 'inst/iosc_slv0_if_U/rdata_reg[13]' (FDRE) to 'inst/iosc_slv0_if_U/rdata_reg[31]'
INFO: [Synth 8-3886] merging instance 'inst/iosc_slv0_if_U/rdata_reg[14]' (FDRE) to 'inst/iosc_slv0_if_U/rdata_reg[31]'
INFO: [Synth 8-3886] merging instance 'inst/iosc_slv0_if_U/rdata_reg[15]' (FDRE) to 'inst/iosc_slv0_if_U/rdata_reg[31]'
INFO: [Synth 8-3886] merging instance 'inst/iosc_slv0_if_U/rdata_reg[16]' (FDRE) to 'inst/iosc_slv0_if_U/rdata_reg[31]'
INFO: [Synth 8-3886] merging instance 'inst/iosc_slv0_if_U/rdata_reg[17]' (FDRE) to 'inst/iosc_slv0_if_U/rdata_reg[31]'
INFO: [Synth 8-3886] merging instance 'inst/iosc_slv0_if_U/rdata_reg[18]' (FDRE) to 'inst/iosc_slv0_if_U/rdata_reg[31]'
INFO: [Synth 8-3886] merging instance 'inst/iosc_slv0_if_U/rdata_reg[19]' (FDRE) to 'inst/iosc_slv0_if_U/rdata_reg[31]'
INFO: [Synth 8-3886] merging instance 'inst/iosc_slv0_if_U/rdata_reg[20]' (FDRE) to 'inst/iosc_slv0_if_U/rdata_reg[31]'
INFO: [Synth 8-3886] merging instance 'inst/iosc_slv0_if_U/rdata_reg[21]' (FDRE) to 'inst/iosc_slv0_if_U/rdata_reg[31]'
INFO: [Synth 8-3886] merging instance 'inst/iosc_slv0_if_U/rdata_reg[22]' (FDRE) to 'inst/iosc_slv0_if_U/rdata_reg[31]'
INFO: [Synth 8-3886] merging instance 'inst/iosc_slv0_if_U/rdata_reg[23]' (FDRE) to 'inst/iosc_slv0_if_U/rdata_reg[31]'
INFO: [Synth 8-3886] merging instance 'inst/iosc_slv0_if_U/rdata_reg[24]' (FDRE) to 'inst/iosc_slv0_if_U/rdata_reg[31]'
INFO: [Synth 8-3886] merging instance 'inst/iosc_slv0_if_U/rdata_reg[25]' (FDRE) to 'inst/iosc_slv0_if_U/rdata_reg[31]'
INFO: [Synth 8-3886] merging instance 'inst/iosc_slv0_if_U/rdata_reg[26]' (FDRE) to 'inst/iosc_slv0_if_U/rdata_reg[31]'
INFO: [Synth 8-3886] merging instance 'inst/iosc_slv0_if_U/rdata_reg[27]' (FDRE) to 'inst/iosc_slv0_if_U/rdata_reg[31]'
INFO: [Synth 8-3886] merging instance 'inst/iosc_slv0_if_U/rdata_reg[28]' (FDRE) to 'inst/iosc_slv0_if_U/rdata_reg[31]'
INFO: [Synth 8-3886] merging instance 'inst/iosc_slv0_if_U/rdata_reg[29]' (FDRE) to 'inst/iosc_slv0_if_U/rdata_reg[31]'
INFO: [Synth 8-3886] merging instance 'inst/iosc_slv0_if_U/rdata_reg[30]' (FDRE) to 'inst/iosc_slv0_if_U/rdata_reg[31]'
INFO: [Synth 8-3333] propagating constant 0 across sequential element (inst/\iosc_slv0_if_U/rdata_reg[31] )
WARNING: [Synth 8-3332] Sequential element (iosc_U/grp_iosc_pulse_fu_74/ap_CS_fsm_reg[0]) is unused and will be removed from module iosc_top.
WARNING: [Synth 8-3332] Sequential element (iosc_U/grp_iosc_controlOutLeds_fu_92/ap_CS_fsm_reg[0]) is unused and will be removed from module iosc_top.
WARNING: [Synth 8-3332] Sequential element (iosc_U/grp_iosc_controlOutLeds_fu_92/v_assign_fu_106_reg[4]) is unused and will be removed from module iosc_top.
WARNING: [Synth 8-3332] Sequential element (iosc_U/grp_iosc_controlOutLeds_fu_92/v_assign_fu_106_reg[5]) is unused and will be removed from module iosc_top.
WARNING: [Synth 8-3332] Sequential element (iosc_U/grp_iosc_controlOutLeds_fu_92/v_assign_fu_106_reg[6]) is unused and will be removed from module iosc_top.
WARNING: [Synth 8-3332] Sequential element (iosc_U/grp_iosc_controlOutLeds_fu_92/v_assign_fu_106_reg[7]) is unused and will be removed from module iosc_top.
WARNING: [Synth 8-3332] Sequential element (iosc_U/grp_iosc_controlOutLeds_fu_92/v_assign_fu_106_reg[8]) is unused and will be removed from module iosc_top.
WARNING: [Synth 8-3332] Sequential element (iosc_U/grp_iosc_controlOutLeds_fu_92/v_assign_fu_106_reg[9]) is unused and will be removed from module iosc_top.
WARNING: [Synth 8-3332] Sequential element (iosc_U/grp_iosc_controlOutLeds_fu_92/v_assign_fu_106_reg[10]) is unused and will be removed from module iosc_top.
WARNING: [Synth 8-3332] Sequential element (iosc_U/grp_iosc_controlOutLeds_fu_92/v_assign_fu_106_reg[11]) is unused and will be removed from module iosc_top.
WARNING: [Synth 8-3332] Sequential element (iosc_U/grp_iosc_controlOutLeds_fu_92/v_assign_fu_106_reg[12]) is unused and will be removed from module iosc_top.
WARNING: [Synth 8-3332] Sequential element (iosc_U/grp_iosc_controlOutLeds_fu_92/v_assign_fu_106_reg[13]) is unused and will be removed from module iosc_top.
WARNING: [Synth 8-3332] Sequential element (iosc_U/grp_iosc_controlOutLeds_fu_92/v_assign_fu_106_reg[14]) is unused and will be removed from module iosc_top.
WARNING: [Synth 8-3332] Sequential element (iosc_U/grp_iosc_controlOutLeds_fu_92/v_assign_fu_106_reg[15]) is unused and will be removed from module iosc_top.
WARNING: [Synth 8-3332] Sequential element (iosc_U/grp_iosc_controlOutLeds_fu_92/v_assign_fu_106_reg[16]) is unused and will be removed from module iosc_top.
WARNING: [Synth 8-3332] Sequential element (iosc_U/grp_iosc_controlOutLeds_fu_92/v_assign_fu_106_reg[17]) is unused and will be removed from module iosc_top.
WARNING: [Synth 8-3332] Sequential element (iosc_U/grp_iosc_controlOutLeds_fu_92/v_assign_fu_106_reg[18]) is unused and will be removed from module iosc_top.
WARNING: [Synth 8-3332] Sequential element (iosc_U/grp_iosc_controlOutLeds_fu_92/v_assign_fu_106_reg[19]) is unused and will be removed from module iosc_top.
WARNING: [Synth 8-3332] Sequential element (iosc_U/grp_iosc_controlOutLeds_fu_92/v_assign_fu_106_reg[20]) is unused and will be removed from module iosc_top.
WARNING: [Synth 8-3332] Sequential element (iosc_U/grp_iosc_controlOutLeds_fu_92/v_assign_fu_106_reg[21]) is unused and will be removed from module iosc_top.
WARNING: [Synth 8-3332] Sequential element (iosc_U/grp_iosc_controlOutLeds_fu_92/v_assign_fu_106_reg[22]) is unused and will be removed from module iosc_top.
WARNING: [Synth 8-3332] Sequential element (iosc_U/grp_iosc_controlOutLeds_fu_92/v_assign_fu_106_reg[23]) is unused and will be removed from module iosc_top.
WARNING: [Synth 8-3332] Sequential element (iosc_U/grp_iosc_controlOutLeds_fu_92/v_assign_fu_106_reg[24]) is unused and will be removed from module iosc_top.
WARNING: [Synth 8-3332] Sequential element (iosc_U/grp_iosc_controlOutLeds_fu_92/v_assign_fu_106_reg[25]) is unused and will be removed from module iosc_top.
WARNING: [Synth 8-3332] Sequential element (iosc_U/grp_iosc_controlOutLeds_fu_92/v_assign_fu_106_reg[26]) is unused and will be removed from module iosc_top.
WARNING: [Synth 8-3332] Sequential element (iosc_U/grp_iosc_controlOutLeds_fu_92/v_assign_fu_106_reg[27]) is unused and will be removed from module iosc_top.
WARNING: [Synth 8-3332] Sequential element (iosc_U/grp_iosc_controlOutLeds_fu_92/v_assign_fu_106_reg[28]) is unused and will be removed from module iosc_top.
WARNING: [Synth 8-3332] Sequential element (iosc_U/grp_iosc_controlOutLeds_fu_92/v_assign_fu_106_reg[29]) is unused and will be removed from module iosc_top.
WARNING: [Synth 8-3332] Sequential element (iosc_U/grp_iosc_controlOutLeds_fu_92/v_assign_fu_106_reg[30]) is unused and will be removed from module iosc_top.
WARNING: [Synth 8-3332] Sequential element (iosc_U/grp_iosc_controlOutLeds_fu_92/v_assign_fu_106_reg[31]) is unused and will be removed from module iosc_top.
WARNING: [Synth 8-3332] Sequential element (iosc_slv0_if_U/rdata_reg[31]) is unused and will be removed from module iosc_top.
---------------------------------------------------------------------------------
Finished Cross Boundary and Area Optimization : Time (s): cpu = 00:00:14 ; elapsed = 00:00:20 . Memory (MB): peak = 653.957 ; gain = 425.785
---------------------------------------------------------------------------------

Report RTL Partitions: 
+-+--------------+------------+----------+
| |RTL Partition |Replication |Instances |
+-+--------------+------------+----------+
+-+--------------+------------+----------+
---------------------------------------------------------------------------------
Start Applying XDC Timing Constraints
---------------------------------------------------------------------------------
---------------------------------------------------------------------------------
Finished Applying XDC Timing Constraints : Time (s): cpu = 00:00:23 ; elapsed = 00:00:30 . Memory (MB): peak = 653.957 ; gain = 425.785
---------------------------------------------------------------------------------
---------------------------------------------------------------------------------
Start Timing Optimization
---------------------------------------------------------------------------------
---------------------------------------------------------------------------------
Finished Timing Optimization : Time (s): cpu = 00:00:23 ; elapsed = 00:00:30 . Memory (MB): peak = 653.957 ; gain = 425.785
---------------------------------------------------------------------------------

Report RTL Partitions: 
+-+--------------+------------+----------+
| |RTL Partition |Replication |Instances |
+-+--------------+------------+----------+
+-+--------------+------------+----------+
---------------------------------------------------------------------------------
Start Technology Mapping
---------------------------------------------------------------------------------
---------------------------------------------------------------------------------
Finished Technology Mapping : Time (s): cpu = 00:00:23 ; elapsed = 00:00:30 . Memory (MB): peak = 653.957 ; gain = 425.785
---------------------------------------------------------------------------------

Report RTL Partitions: 
+-+--------------+------------+----------+
| |RTL Partition |Replication |Instances |
+-+--------------+------------+----------+
+-+--------------+------------+----------+
---------------------------------------------------------------------------------
Start IO Insertion
---------------------------------------------------------------------------------
---------------------------------------------------------------------------------
Start Flattening Before IO Insertion
---------------------------------------------------------------------------------
---------------------------------------------------------------------------------
Finished Flattening Before IO Insertion
---------------------------------------------------------------------------------
---------------------------------------------------------------------------------
Start Final Netlist Cleanup
---------------------------------------------------------------------------------
---------------------------------------------------------------------------------
Finished Final Netlist Cleanup
---------------------------------------------------------------------------------
---------------------------------------------------------------------------------
Finished IO Insertion : Time (s): cpu = 00:00:24 ; elapsed = 00:00:31 . Memory (MB): peak = 653.957 ; gain = 425.785
---------------------------------------------------------------------------------

Report Check Netlist: 
+------+------------------+-------+---------+-------+------------------+
|      |Item              |Errors |Warnings |Status |Description       |
+------+------------------+-------+---------+-------+------------------+
|1     |multi_driven_nets |      0|        0|Passed |Multi driven nets |
+------+------------------+-------+---------+-------+------------------+
---------------------------------------------------------------------------------
Start Renaming Generated Instances
---------------------------------------------------------------------------------
---------------------------------------------------------------------------------
Finished Renaming Generated Instances : Time (s): cpu = 00:00:24 ; elapsed = 00:00:31 . Memory (MB): peak = 653.957 ; gain = 425.785
---------------------------------------------------------------------------------

Report RTL Partitions: 
+-+--------------+------------+----------+
| |RTL Partition |Replication |Instances |
+-+--------------+------------+----------+
+-+--------------+------------+----------+
---------------------------------------------------------------------------------
Start Rebuilding User Hierarchy
---------------------------------------------------------------------------------
---------------------------------------------------------------------------------
Finished Rebuilding User Hierarchy : Time (s): cpu = 00:00:24 ; elapsed = 00:00:31 . Memory (MB): peak = 653.957 ; gain = 425.785
---------------------------------------------------------------------------------
---------------------------------------------------------------------------------
Start Renaming Generated Ports
---------------------------------------------------------------------------------
---------------------------------------------------------------------------------
Finished Renaming Generated Ports : Time (s): cpu = 00:00:24 ; elapsed = 00:00:31 . Memory (MB): peak = 653.957 ; gain = 425.785
---------------------------------------------------------------------------------
---------------------------------------------------------------------------------
Start Handling Custom Attributes
---------------------------------------------------------------------------------
---------------------------------------------------------------------------------
Finished Handling Custom Attributes : Time (s): cpu = 00:00:24 ; elapsed = 00:00:31 . Memory (MB): peak = 653.957 ; gain = 425.785
---------------------------------------------------------------------------------
---------------------------------------------------------------------------------
Start Renaming Generated Nets
---------------------------------------------------------------------------------
---------------------------------------------------------------------------------
Finished Renaming Generated Nets : Time (s): cpu = 00:00:24 ; elapsed = 00:00:31 . Memory (MB): peak = 653.957 ; gain = 425.785
---------------------------------------------------------------------------------
---------------------------------------------------------------------------------
Start Writing Synthesis Report
---------------------------------------------------------------------------------

Report BlackBoxes: 
+-+--------------+----------+
| |BlackBox name |Instances |
+-+--------------+----------+
+-+--------------+----------+

Report Cell Usage: 
+------+-------+------+
|      |Cell   |Count |
+------+-------+------+
|1     |CARRY4 |     1|
|2     |LUT1   |     7|
|3     |LUT2   |    10|
|4     |LUT3   |     8|
|5     |LUT4   |    11|
|6     |LUT5   |     7|
|7     |LUT6   |    10|
|8     |FDRE   |    39|
+------+-------+------+

Report Instance Areas: 
+------+------------------------------------+--------------------+------+
|      |Instance                            |Module              |Cells |
+------+------------------------------------+--------------------+------+
|1     |top                                 |                    |    93|
|2     |  inst                              |iosc_top            |    93|
|3     |    iosc_U                          |iosc                |    58|
|4     |      grp_iosc_controlOutLeds_fu_92 |iosc_controlOutLeds |    22|
|5     |      grp_iosc_pulse_fu_74          |iosc_pulse          |    30|
|6     |    iosc_slv0_if_U                  |iosc_slv0_if        |    35|
+------+------------------------------------+--------------------+------+
---------------------------------------------------------------------------------
Finished Writing Synthesis Report : Time (s): cpu = 00:00:24 ; elapsed = 00:00:31 . Memory (MB): peak = 653.957 ; gain = 425.785
---------------------------------------------------------------------------------
Synthesis finished with 0 errors, 0 critical warnings and 66 warnings.
Synthesis Optimization Runtime : Time (s): cpu = 00:00:14 ; elapsed = 00:00:22 . Memory (MB): peak = 653.957 ; gain = 119.730
Synthesis Optimization Complete : Time (s): cpu = 00:00:24 ; elapsed = 00:00:31 . Memory (MB): peak = 653.957 ; gain = 425.785
INFO: [Project 1-571] Translating synthesized netlist
INFO: [Netlist 29-17] Analyzing 1 Unisim elements for replacement
INFO: [Netlist 29-28] Unisim Transformation completed in 0 CPU seconds
INFO: [Project 1-570] Preparing netlist for logic optimization
INFO: [Opt 31-138] Pushed 0 inverter(s) to 0 load pin(s).
INFO: [Project 1-111] Unisim Transformation Summary:
No Unisim elements were transformed.

60 Infos, 94 Warnings, 0 Critical Warnings and 0 Errors encountered.
synth_design completed successfully
synth_design: Time (s): cpu = 00:00:25 ; elapsed = 00:00:33 . Memory (MB): peak = 653.957 ; gain = 426.410
INFO: [Common 17-1381] The checkpoint 'D:/Xilinx/Assignment_2/EmbeddedSystem_labs/lab_7/lab_7.runs/design_1_iosc_0_1_synth_1/design_1_iosc_0_1.dcp' has been generated.
