{
{870,906,942}
{1086,1131,1176}
{1302,1356,1410}
}
Test passed.

D:\Xilinx\Assignment_2\HLS_labs\lab1\matrixmul.prj\solution1\sim\verilog>call D:/Xilinx/Vivado/2017.2/bin/xelab xil_defaultlib.apatb_matrixmul_top -prj matrixmul.prj -L axi_protocol_checker_v1_1_12 -L axi_protocol_checker_v1_1_13 -L axis_protocol_checker_v1_1_11 -L axis_protocol_checker_v1_1_12 --initfile "D:/Xilinx/Vivado/2017.2/data/xsim/ip/xsim_ip.ini" --lib "ieee_proposed=./ieee_proposed" -s matrixmul -debug wave 
INFO: [XSIM 43-3496] Using init file passed via -initfile option "D:/Xilinx/Vivado/2017.2/data/xsim/ip/xsim_ip.ini".
Vivado Simulator 2017.2
Copyright 1986-1999, 2001-2016 Xilinx, Inc. All Rights Reserved.
Running: D:/Xilinx/Vivado/2017.2/bin/unwrapped/win64.o/xelab.exe xil_defaultlib.apatb_matrixmul_top -prj matrixmul.prj -L axi_protocol_checker_v1_1_12 -L axi_protocol_checker_v1_1_13 -L axis_protocol_checker_v1_1_11 -L axis_protocol_checker_v1_1_12 --initfile D:/Xilinx/Vivado/2017.2/data/xsim/ip/xsim_ip.ini --lib ieee_proposed=./ieee_proposed -s matrixmul -debug wave 
Multi-threading is on. Using 6 slave threads.
INFO: [VRFC 10-2263] Analyzing SystemVerilog file "D:/Xilinx/Assignment_2/HLS_labs/lab1/matrixmul.prj/solution1/sim/verilog/AESL_automem_a.v" into library xil_defaultlib
INFO: [VRFC 10-311] analyzing module AESL_automem_a
INFO: [VRFC 10-2263] Analyzing SystemVerilog file "D:/Xilinx/Assignment_2/HLS_labs/lab1/matrixmul.prj/solution1/sim/verilog/AESL_automem_b.v" into library xil_defaultlib
INFO: [VRFC 10-311] analyzing module AESL_automem_b
INFO: [VRFC 10-2263] Analyzing SystemVerilog file "D:/Xilinx/Assignment_2/HLS_labs/lab1/matrixmul.prj/solution1/sim/verilog/AESL_automem_res.v" into library xil_defaultlib
INFO: [VRFC 10-311] analyzing module AESL_automem_res
INFO: [VRFC 10-2263] Analyzing SystemVerilog file "D:/Xilinx/Assignment_2/HLS_labs/lab1/matrixmul.prj/solution1/sim/verilog/matrixmul.autotb.v" into library xil_defaultlib
INFO: [VRFC 10-311] analyzing module apatb_matrixmul_top
INFO: [VRFC 10-2263] Analyzing SystemVerilog file "D:/Xilinx/Assignment_2/HLS_labs/lab1/matrixmul.prj/solution1/sim/verilog/matrixmul.v" into library xil_defaultlib
INFO: [VRFC 10-311] analyzing module matrixmul
INFO: [VRFC 10-2263] Analyzing SystemVerilog file "D:/Xilinx/Assignment_2/HLS_labs/lab1/matrixmul.prj/solution1/sim/verilog/matrixmul_mac_mulbkb.v" into library xil_defaultlib
INFO: [VRFC 10-311] analyzing module matrixmul_mac_mulbkb_DSP48_0
INFO: [VRFC 10-311] analyzing module matrixmul_mac_mulbkb
Starting static elaboration
Completed static elaboration
Starting simulation data flow analysis
Completed simulation data flow analysis
Time Resolution for simulation is 1ps
Compiling module xil_defaultlib.matrixmul_mac_mulbkb_DSP48_0
Compiling module xil_defaultlib.matrixmul_mac_mulbkb(ID=1,NUM_ST...
Compiling module xil_defaultlib.matrixmul
Compiling module xil_defaultlib.AESL_automem_a
Compiling module xil_defaultlib.AESL_automem_b
Compiling module xil_defaultlib.AESL_automem_res
Compiling module xil_defaultlib.apatb_matrixmul_top
Built simulation snapshot matrixmul

****** Webtalk v2017.2 (64-bit)
  **** SW Build 1909853 on Thu Jun 15 18:39:09 MDT 2017
  **** IP Build 1909766 on Thu Jun 15 19:58:00 MDT 2017
    ** Copyright 1986-2017 Xilinx, Inc. All Rights Reserved.

source D:/Xilinx/Assignment_2/HLS_labs/lab1/matrixmul.prj/solution1/sim/verilog/xsim.dir/matrixmul/webtalk/xsim_webtalk.tcl -notrace
INFO: [Common 17-186] 'D:/Xilinx/Assignment_2/HLS_labs/lab1/matrixmul.prj/solution1/sim/verilog/xsim.dir/matrixmul/webtalk/usage_statistics_ext_xsim.xml' has been successfully sent to Xilinx on Sat Sep 22 15:44:09 2018. For additional details about this file, please refer to the WebTalk help file at D:/Xilinx/Vivado/2017.2/doc/webtalk_introduction.html.
INFO: [Common 17-206] Exiting Webtalk at Sat Sep 22 15:44:09 2018...

****** xsim v2017.2 (64-bit)
  **** SW Build 1909853 on Thu Jun 15 18:39:09 MDT 2017
  **** IP Build 1909766 on Thu Jun 15 19:58:00 MDT 2017
    ** Copyright 1986-2017 Xilinx, Inc. All Rights Reserved.

source xsim.dir/matrixmul/xsim_script.tcl
# xsim {matrixmul} -autoloadwcfg -tclbatch {matrixmul.tcl}
Vivado Simulator 2017.2
Time resolution is 1 ps
source matrixmul.tcl
## log_wave -r /
## set designtopgroup [add_wave_group "Design Top Signals"]
## set coutputgroup [add_wave_group "C Outputs" -into $designtopgroup]
## set res_group [add_wave_group res(memory) -into $coutputgroup]
## add_wave /apatb_matrixmul_top/AESL_inst_matrixmul/res_d0 -into $res_group -radix hex
## add_wave /apatb_matrixmul_top/AESL_inst_matrixmul/res_we0 -into $res_group -color #ffff00 -radix hex
## add_wave /apatb_matrixmul_top/AESL_inst_matrixmul/res_ce0 -into $res_group -color #ffff00 -radix hex
## add_wave /apatb_matrixmul_top/AESL_inst_matrixmul/res_address0 -into $res_group -radix hex
## set cinputgroup [add_wave_group "C Inputs" -into $designtopgroup]
## set b_group [add_wave_group b(memory) -into $cinputgroup]
## add_wave /apatb_matrixmul_top/AESL_inst_matrixmul/b_q0 -into $b_group -radix hex
## add_wave /apatb_matrixmul_top/AESL_inst_matrixmul/b_ce0 -into $b_group -color #ffff00 -radix hex
## add_wave /apatb_matrixmul_top/AESL_inst_matrixmul/b_address0 -into $b_group -radix hex
## set a_group [add_wave_group a(memory) -into $cinputgroup]
## add_wave /apatb_matrixmul_top/AESL_inst_matrixmul/a_q0 -into $a_group -radix hex
## add_wave /apatb_matrixmul_top/AESL_inst_matrixmul/a_ce0 -into $a_group -color #ffff00 -radix hex
## add_wave /apatb_matrixmul_top/AESL_inst_matrixmul/a_address0 -into $a_group -radix hex
## set blocksiggroup [add_wave_group "Block-level IO Handshake" -into $designtopgroup]
## add_wave /apatb_matrixmul_top/AESL_inst_matrixmul/ap_start -into $blocksiggroup
## add_wave /apatb_matrixmul_top/AESL_inst_matrixmul/ap_done -into $blocksiggroup
## add_wave /apatb_matrixmul_top/AESL_inst_matrixmul/ap_idle -into $blocksiggroup
## add_wave /apatb_matrixmul_top/AESL_inst_matrixmul/ap_ready -into $blocksiggroup
## set resetgroup [add_wave_group "Reset" -into $designtopgroup]
## add_wave /apatb_matrixmul_top/AESL_inst_matrixmul/ap_rst -into $resetgroup
## set clockgroup [add_wave_group "Clock" -into $designtopgroup]
## add_wave /apatb_matrixmul_top/AESL_inst_matrixmul/ap_clk -into $clockgroup
## set testbenchgroup [add_wave_group "Test Bench Signals"]
## set tbinternalsiggroup [add_wave_group "Internal Signals" -into $testbenchgroup]
## set tb_simstatus_group [add_wave_group "Simulation Status" -into $tbinternalsiggroup]
## set tb_portdepth_group [add_wave_group "Port Depth" -into $tbinternalsiggroup]
## add_wave /apatb_matrixmul_top/AUTOTB_TRANSACTION_NUM -into $tb_simstatus_group -radix hex
## add_wave /apatb_matrixmul_top/ready_cnt -into $tb_simstatus_group -radix hex
## add_wave /apatb_matrixmul_top/done_cnt -into $tb_simstatus_group -radix hex
## add_wave /apatb_matrixmul_top/LENGTH_a -into $tb_portdepth_group -radix hex
## add_wave /apatb_matrixmul_top/LENGTH_b -into $tb_portdepth_group -radix hex
## add_wave /apatb_matrixmul_top/LENGTH_res -into $tb_portdepth_group -radix hex
## set tbcoutputgroup [add_wave_group "C Outputs" -into $testbenchgroup]
## set tb_res_group [add_wave_group res(memory) -into $tbcoutputgroup]
## add_wave /apatb_matrixmul_top/res_d0 -into $tb_res_group -radix hex
## add_wave /apatb_matrixmul_top/res_we0 -into $tb_res_group -color #ffff00 -radix hex
## add_wave /apatb_matrixmul_top/res_ce0 -into $tb_res_group -color #ffff00 -radix hex
## add_wave /apatb_matrixmul_top/res_address0 -into $tb_res_group -radix hex
## set tbcinputgroup [add_wave_group "C Inputs" -into $testbenchgroup]
## set tb_b_group [add_wave_group b(memory) -into $tbcinputgroup]
## add_wave /apatb_matrixmul_top/b_q0 -into $tb_b_group -radix hex
## add_wave /apatb_matrixmul_top/b_ce0 -into $tb_b_group -color #ffff00 -radix hex
## add_wave /apatb_matrixmul_top/b_address0 -into $tb_b_group -radix hex
## set tb_a_group [add_wave_group a(memory) -into $tbcinputgroup]
## add_wave /apatb_matrixmul_top/a_q0 -into $tb_a_group -radix hex
## add_wave /apatb_matrixmul_top/a_ce0 -into $tb_a_group -color #ffff00 -radix hex
## add_wave /apatb_matrixmul_top/a_address0 -into $tb_a_group -radix hex
## save_wave_config matrixmul.wcfg
## run all
////////////////////////////////////////////////////////////////////////////////////
// Inter-Transaction Progress: Completed Transaction / Total Transaction
// Intra-Transaction Progress: Measured Latency / Latency Estimation * 100%
//
// RTL Simulation : "Inter-Transaction Progress" ["Intra-Transaction Progress"] @ "Simulation Time"
////////////////////////////////////////////////////////////////////////////////////
// RTL Simulation : 0 / 1 [0.00%] @ "116000"
// RTL Simulation : 1 / 1 [0.00%] @ "980000"
////////////////////////////////////////////////////////////////////////////////////
$finish called at time : 1012 ns : File "D:/Xilinx/Assignment_2/HLS_labs/lab1/matrixmul.prj/solution1/sim/verilog/matrixmul.autotb.v" Line 319
## quit
INFO: [Common 17-206] Exiting xsim at Sat Sep 22 15:44:20 2018...
{
{870,906,942}
{1086,1131,1176}
{1302,1356,1410}
}
Test passed.
