Unable to capture context for thread 13856 in process 1408, can not generate back trace
Unable to capture context for thread 10348 in process 1408, can not generate back trace
Exception at PC 0x00007FFF9AD4BB93
Printing stacktrace...

[0]  [0x00007FFF9AD4BB93]
[1]  [0x00007FFF9AD4BB93]
[2]  [0x00007FFF9AD4B4A1]
[3]  [0x00007FFF9AD4B3EF]
[4]  [0x00007FFF9AD319FE]
[5]  [0x00007FFF9AD30ED1]
[6]  [0x00007FFF9AD30D76]
[7]  [0x00007FFF9ACD79F6]
[8]  [0x00007FFF9ACC7AFB]
[9]  [0x00007FFF9ADEE90A]
[10]  [0x00007FFF9AE09F87]
[11]  [0x00007FFF9AE0A05F]
[12] (BaseThreadInitThunk+0x14) [0x00007FF80BDB3034]
[13] (RtlUserThreadStart+0x21) [0x00007FF80C691461]
Done
Exception at PC 0x00007FFF9AA51A52
Attemped to write at address 0x00007FFFBF20ABA4
Printing stacktrace...

[0]  [0x00007FFF9AA51A52]
[1]  [0x00007FFF9AA51A52]
[2]  [0x00007FFF9AA51AD4]
[3]  [0x00007FFF9AB93FF7]
[4]  [0x00007FFF9AA79128]
[5]  [0x00007FFF9AD2DFB9]
[6]  [0x00007FFF9AEFEF23]
[7]  [0x00007FFF9AE0B06B]
[8]  [0x00007FFF9AE008AF]
[9]  [0x00007FFF9AE00A32]
[10] (RtlActivateActivationContextUnsafeFast+0x123) [0x00007FF80C654053]
[11] (LdrShutdownProcess+0x125) [0x00007FF80C660A05]
[12] (RtlExitUserProcess+0xd8) [0x00007FF80C6608C8]
[13] (FatalExit+0xa) [0x00007FF80BDBB19A]
[14] (exit+0x75) [0x00007FF80C1B9CE5]
[15] (initterm_e+0x235) [0x00007FF80C1BA345]
[16]  [0x00000000004014CD]
[17]  [0x000000000040151B]
[18] (BaseThreadInitThunk+0x14) [0x00007FF80BDB3034]
[19] (RtlUserThreadStart+0x21) [0x00007FF80C691461]
Done
