10:27:42 INFO  : Registering command handlers for SDK TCF services
10:27:43 INFO  : Launching XSCT server: xsct.bat -interactive D:\Xilinx\Assignment_2\EmbeddedSystem_labs\lab_4\lab_4.sdk\temp_xsdb_launch_script.tcl
10:27:48 INFO  : XSCT server has started successfully.
10:28:01 INFO  : Successfully done setting XSCT server connection channel  
10:28:01 INFO  : Successfully done setting SDK workspace  
10:28:01 INFO  : Processing command line option -hwspec D:/Xilinx/Assignment_2/EmbeddedSystem_labs/lab_4/lab_4.sdk/system_wrapper.hdf.
10:51:26 INFO  : No changes in MSS file content so not generating sources.
11:07:39 INFO  : Connected to target on host '127.0.0.1' and port '3121'.
11:07:40 INFO  : 'targets -set -filter {jtag_cable_name =~ "Digilent Zybo 210279655797A" && level==0} -index 1' command is executed.
11:07:41 INFO  : FPGA configured successfully with bitstream "D:/Xilinx/Assignment_2/EmbeddedSystem_labs/lab_4/lab_4.sdk/system_wrapper_hw_platform_0/system_wrapper.bit"
11:08:27 INFO  : ps7_init is completed.
11:08:27 INFO  : ps7_post_config is completed.
11:08:27 INFO  : Processor reset is completed for ps7_cortexa9_0
11:11:39 INFO  : Inferring section assignments and sizes from elf file: D:\Xilinx\Assignment_2\EmbeddedSystem_labs\lab_4\lab_4.sdk\lab4\Debug\lab4.elf
11:12:28 INFO  : Successfully generated D:\Xilinx\Assignment_2\EmbeddedSystem_labs\lab_4\lab_4.sdk\lab4\src\lscript.ld.
11:12:28 INFO  : Applying linker script to all configurations of project lab4.
11:12:28 INFO  : Setting rebuild state to true for all configurations of project lab4.
11:13:42 INFO  : Successfully generated D:\Xilinx\Assignment_2\EmbeddedSystem_labs\lab_4\lab_4.sdk\lab4\src\lscript.ld.
11:13:42 INFO  : Applying linker script to all configurations of project lab4.
11:13:42 INFO  : Setting rebuild state to true for all configurations of project lab4.
11:15:04 INFO  : Connected to target on host '127.0.0.1' and port '3121'.
11:15:04 INFO  : 'targets -set -filter {jtag_cable_name =~ "Digilent Zybo 210279655797A" && level==0} -index 1' command is executed.
11:15:06 INFO  : FPGA configured successfully with bitstream "D:/Xilinx/Assignment_2/EmbeddedSystem_labs/lab_4/lab_4.sdk/system_wrapper_hw_platform_0/system_wrapper.bit"
11:15:12 INFO  : ps7_init is completed.
11:15:12 INFO  : ps7_post_config is completed.
11:15:13 INFO  : Processor reset is completed for ps7_cortexa9_0
11:37:29 ERROR : Unexpected error while parsing XMD response ?: com.google.gson.JsonSyntaxException: com.google.gson.stream.MalformedJsonException: invalid number or unquoted string near 
